{"/home/caleb/exercises/express-biztime/routes/companies.js": {"path":"/home/caleb/exercises/express-biztime/routes/companies.js","statementMap":{"0":{"start":{"line":1,"column":16},"end":{"line":1,"column":34}},"1":{"start":{"line":2,"column":16},"end":{"line":2,"column":34}},"2":{"start":{"line":3,"column":21},"end":{"line":3,"column":47}},"3":{"start":{"line":4,"column":11},"end":{"line":4,"column":27}},"4":{"start":{"line":5,"column":13},"end":{"line":5,"column":33}},"5":{"start":{"line":7,"column":0},"end":{"line":14,"column":3}},"6":{"start":{"line":8,"column":2},"end":{"line":13,"column":3}},"7":{"start":{"line":9,"column":20},"end":{"line":9,"column":70}},"8":{"start":{"line":10,"column":4},"end":{"line":10,"column":49}},"9":{"start":{"line":12,"column":4},"end":{"line":12,"column":19}},"10":{"start":{"line":16,"column":0},"end":{"line":29,"column":3}},"11":{"start":{"line":17,"column":2},"end":{"line":28,"column":3}},"12":{"start":{"line":18,"column":21},"end":{"line":18,"column":31}},"13":{"start":{"line":19,"column":20},"end":{"line":21,"column":6}},"14":{"start":{"line":22,"column":4},"end":{"line":24,"column":5}},"15":{"start":{"line":23,"column":6},"end":{"line":23,"column":77}},"16":{"start":{"line":25,"column":4},"end":{"line":25,"column":47}},"17":{"start":{"line":27,"column":4},"end":{"line":27,"column":19}},"18":{"start":{"line":31,"column":0},"end":{"line":45,"column":3}},"19":{"start":{"line":32,"column":2},"end":{"line":44,"column":3}},"20":{"start":{"line":33,"column":32},"end":{"line":33,"column":40}},"21":{"start":{"line":34,"column":15},"end":{"line":34,"column":45}},"22":{"start":{"line":36,"column":19},"end":{"line":39,"column":5}},"23":{"start":{"line":41,"column":4},"end":{"line":41,"column":61}},"24":{"start":{"line":43,"column":4},"end":{"line":43,"column":19}},"25":{"start":{"line":47,"column":0},"end":{"line":65,"column":3}},"26":{"start":{"line":48,"column":2},"end":{"line":64,"column":3}},"27":{"start":{"line":49,"column":32},"end":{"line":49,"column":40}},"28":{"start":{"line":50,"column":15},"end":{"line":50,"column":30}},"29":{"start":{"line":52,"column":19},"end":{"line":55,"column":5}},"30":{"start":{"line":57,"column":4},"end":{"line":61,"column":5}},"31":{"start":{"line":58,"column":6},"end":{"line":58,"column":62}},"32":{"start":{"line":60,"column":6},"end":{"line":60,"column":51}},"33":{"start":{"line":63,"column":4},"end":{"line":63,"column":19}},"34":{"start":{"line":67,"column":0},"end":{"line":84,"column":3}},"35":{"start":{"line":68,"column":2},"end":{"line":83,"column":3}},"36":{"start":{"line":69,"column":15},"end":{"line":69,"column":30}},"37":{"start":{"line":71,"column":19},"end":{"line":74,"column":5}},"38":{"start":{"line":76,"column":4},"end":{"line":80,"column":5}},"39":{"start":{"line":77,"column":6},"end":{"line":77,"column":62}},"40":{"start":{"line":79,"column":6},"end":{"line":79,"column":45}},"41":{"start":{"line":82,"column":4},"end":{"line":82,"column":19}},"42":{"start":{"line":86,"column":0},"end":{"line":86,"column":24}}},"fnMap":{"0":{"name":"(anonymous_0)","decl":{"start":{"line":7,"column":16},"end":{"line":7,"column":17}},"loc":{"start":{"line":7,"column":42},"end":{"line":14,"column":1}},"line":7},"1":{"name":"(anonymous_1)","decl":{"start":{"line":16,"column":21},"end":{"line":16,"column":22}},"loc":{"start":{"line":16,"column":47},"end":{"line":29,"column":1}},"line":16},"2":{"name":"(anonymous_2)","decl":{"start":{"line":31,"column":17},"end":{"line":31,"column":18}},"loc":{"start":{"line":31,"column":43},"end":{"line":45,"column":1}},"line":31},"3":{"name":"(anonymous_3)","decl":{"start":{"line":47,"column":21},"end":{"line":47,"column":22}},"loc":{"start":{"line":47,"column":47},"end":{"line":65,"column":1}},"line":47},"4":{"name":"(anonymous_4)","decl":{"start":{"line":67,"column":24},"end":{"line":67,"column":25}},"loc":{"start":{"line":67,"column":50},"end":{"line":84,"column":1}},"line":67}},"branchMap":{"0":{"loc":{"start":{"line":22,"column":4},"end":{"line":24,"column":5}},"type":"if","locations":[{"start":{"line":22,"column":4},"end":{"line":24,"column":5}},{"start":{"line":22,"column":4},"end":{"line":24,"column":5}}],"line":22},"1":{"loc":{"start":{"line":57,"column":4},"end":{"line":61,"column":5}},"type":"if","locations":[{"start":{"line":57,"column":4},"end":{"line":61,"column":5}},{"start":{"line":57,"column":4},"end":{"line":61,"column":5}}],"line":57},"2":{"loc":{"start":{"line":76,"column":4},"end":{"line":80,"column":5}},"type":"if","locations":[{"start":{"line":76,"column":4},"end":{"line":80,"column":5}},{"start":{"line":76,"column":4},"end":{"line":80,"column":5}}],"line":76}},"s":{"0":2,"1":2,"2":2,"3":2,"4":2,"5":2,"6":1,"7":1,"8":1,"9":0,"10":2,"11":1,"12":1,"13":1,"14":1,"15":0,"16":1,"17":0,"18":2,"19":0,"20":0,"21":0,"22":0,"23":0,"24":0,"25":2,"26":0,"27":0,"28":0,"29":0,"30":0,"31":0,"32":0,"33":0,"34":2,"35":0,"36":0,"37":0,"38":0,"39":0,"40":0,"41":0,"42":2},"f":{"0":1,"1":1,"2":0,"3":0,"4":0},"b":{"0":[0,1],"1":[0,0],"2":[0,0]},"_coverageSchema":"1a1c01bbd47fc00a2c39e90264f33305004495a9","hash":"22cee569327a333b6c69b9ad35af906cb072e0bf"}
,"/home/caleb/exercises/express-biztime/routes/invoices.js": {"path":"/home/caleb/exercises/express-biztime/routes/invoices.js","statementMap":{"0":{"start":{"line":1,"column":16},"end":{"line":1,"column":34}},"1":{"start":{"line":2,"column":21},"end":{"line":2,"column":47}},"2":{"start":{"line":3,"column":15},"end":{"line":3,"column":35}},"3":{"start":{"line":4,"column":11},"end":{"line":4,"column":27}},"4":{"start":{"line":6,"column":0},"end":{"line":13,"column":3}},"5":{"start":{"line":7,"column":2},"end":{"line":12,"column":3}},"6":{"start":{"line":8,"column":20},"end":{"line":8,"column":72}},"7":{"start":{"line":9,"column":4},"end":{"line":9,"column":49}},"8":{"start":{"line":11,"column":4},"end":{"line":11,"column":19}},"9":{"start":{"line":15,"column":0},"end":{"line":44,"column":3}},"10":{"start":{"line":16,"column":2},"end":{"line":43,"column":3}},"11":{"start":{"line":17,"column":19},"end":{"line":17,"column":29}},"12":{"start":{"line":18,"column":20},"end":{"line":21,"column":5}},"13":{"start":{"line":22,"column":4},"end":{"line":24,"column":5}},"14":{"start":{"line":23,"column":6},"end":{"line":23,"column":73}},"15":{"start":{"line":26,"column":17},"end":{"line":26,"column":31}},"16":{"start":{"line":27,"column":20},"end":{"line":38,"column":5}},"17":{"start":{"line":40,"column":4},"end":{"line":40,"column":42}},"18":{"start":{"line":42,"column":4},"end":{"line":42,"column":19}},"19":{"start":{"line":46,"column":0},"end":{"line":59,"column":3}},"20":{"start":{"line":47,"column":2},"end":{"line":58,"column":3}},"21":{"start":{"line":48,"column":29},"end":{"line":48,"column":37}},"22":{"start":{"line":50,"column":19},"end":{"line":53,"column":5}},"23":{"start":{"line":55,"column":4},"end":{"line":55,"column":61}},"24":{"start":{"line":57,"column":4},"end":{"line":57,"column":19}},"25":{"start":{"line":61,"column":0},"end":{"line":95,"column":3}},"26":{"start":{"line":62,"column":2},"end":{"line":94,"column":3}},"27":{"start":{"line":63,"column":24},"end":{"line":63,"column":32}},"28":{"start":{"line":64,"column":13},"end":{"line":64,"column":26}},"29":{"start":{"line":65,"column":19},"end":{"line":65,"column":23}},"30":{"start":{"line":67,"column":23},"end":{"line":70,"column":5}},"31":{"start":{"line":72,"column":4},"end":{"line":74,"column":5}},"32":{"start":{"line":73,"column":6},"end":{"line":73,"column":60}},"33":{"start":{"line":76,"column":25},"end":{"line":76,"column":53}},"34":{"start":{"line":78,"column":4},"end":{"line":84,"column":5}},"35":{"start":{"line":79,"column":6},"end":{"line":79,"column":28}},"36":{"start":{"line":80,"column":11},"end":{"line":84,"column":5}},"37":{"start":{"line":81,"column":6},"end":{"line":81,"column":22}},"38":{"start":{"line":83,"column":6},"end":{"line":83,"column":30}},"39":{"start":{"line":86,"column":19},"end":{"line":89,"column":5}},"40":{"start":{"line":91,"column":4},"end":{"line":91,"column":49}},"41":{"start":{"line":93,"column":4},"end":{"line":93,"column":19}},"42":{"start":{"line":97,"column":0},"end":{"line":114,"column":3}},"43":{"start":{"line":98,"column":2},"end":{"line":113,"column":3}},"44":{"start":{"line":99,"column":13},"end":{"line":99,"column":26}},"45":{"start":{"line":101,"column":19},"end":{"line":104,"column":5}},"46":{"start":{"line":106,"column":4},"end":{"line":108,"column":5}},"47":{"start":{"line":107,"column":6},"end":{"line":107,"column":60}},"48":{"start":{"line":110,"column":4},"end":{"line":110,"column":43}},"49":{"start":{"line":112,"column":4},"end":{"line":112,"column":19}},"50":{"start":{"line":116,"column":0},"end":{"line":116,"column":24}}},"fnMap":{"0":{"name":"(anonymous_0)","decl":{"start":{"line":6,"column":16},"end":{"line":6,"column":17}},"loc":{"start":{"line":6,"column":42},"end":{"line":13,"column":1}},"line":6},"1":{"name":"(anonymous_1)","decl":{"start":{"line":15,"column":19},"end":{"line":15,"column":20}},"loc":{"start":{"line":15,"column":45},"end":{"line":44,"column":1}},"line":15},"2":{"name":"(anonymous_2)","decl":{"start":{"line":46,"column":17},"end":{"line":46,"column":18}},"loc":{"start":{"line":46,"column":43},"end":{"line":59,"column":1}},"line":46},"3":{"name":"(anonymous_3)","decl":{"start":{"line":61,"column":19},"end":{"line":61,"column":20}},"loc":{"start":{"line":61,"column":45},"end":{"line":95,"column":1}},"line":61},"4":{"name":"(anonymous_4)","decl":{"start":{"line":97,"column":22},"end":{"line":97,"column":23}},"loc":{"start":{"line":97,"column":48},"end":{"line":114,"column":1}},"line":97}},"branchMap":{"0":{"loc":{"start":{"line":22,"column":4},"end":{"line":24,"column":5}},"type":"if","locations":[{"start":{"line":22,"column":4},"end":{"line":24,"column":5}},{"start":{"line":22,"column":4},"end":{"line":24,"column":5}}],"line":22},"1":{"loc":{"start":{"line":72,"column":4},"end":{"line":74,"column":5}},"type":"if","locations":[{"start":{"line":72,"column":4},"end":{"line":74,"column":5}},{"start":{"line":72,"column":4},"end":{"line":74,"column":5}}],"line":72},"2":{"loc":{"start":{"line":78,"column":4},"end":{"line":84,"column":5}},"type":"if","locations":[{"start":{"line":78,"column":4},"end":{"line":84,"column":5}},{"start":{"line":78,"column":4},"end":{"line":84,"column":5}}],"line":78},"3":{"loc":{"start":{"line":78,"column":8},"end":{"line":78,"column":29}},"type":"binary-expr","locations":[{"start":{"line":78,"column":8},"end":{"line":78,"column":21}},{"start":{"line":78,"column":25},"end":{"line":78,"column":29}}],"line":78},"4":{"loc":{"start":{"line":80,"column":11},"end":{"line":84,"column":5}},"type":"if","locations":[{"start":{"line":80,"column":11},"end":{"line":84,"column":5}},{"start":{"line":80,"column":11},"end":{"line":84,"column":5}}],"line":80},"5":{"loc":{"start":{"line":106,"column":4},"end":{"line":108,"column":5}},"type":"if","locations":[{"start":{"line":106,"column":4},"end":{"line":108,"column":5}},{"start":{"line":106,"column":4},"end":{"line":108,"column":5}}],"line":106}},"s":{"0":2,"1":2,"2":2,"3":2,"4":2,"5":0,"6":0,"7":0,"8":0,"9":2,"10":0,"11":0,"12":0,"13":0,"14":0,"15":0,"16":0,"17":0,"18":0,"19":2,"20":0,"21":0,"22":0,"23":0,"24":0,"25":2,"26":0,"27":0,"28":0,"29":0,"30":0,"31":0,"32":0,"33":0,"34":0,"35":0,"36":0,"37":0,"38":0,"39":0,"40":0,"41":0,"42":2,"43":0,"44":0,"45":0,"46":0,"47":0,"48":0,"49":0,"50":2},"f":{"0":0,"1":0,"2":0,"3":0,"4":0},"b":{"0":[0,0],"1":[0,0],"2":[0,0],"3":[0,0],"4":[0,0],"5":[0,0]},"_coverageSchema":"1a1c01bbd47fc00a2c39e90264f33305004495a9","hash":"40f27d3588a076681577359f31040e604ca17ba0"}
}
